2025-02-05 16:31:19,348 - INFO - Successfully saved article: indianexpress_China announces measures against Google other US f.md
2025-02-05 16:31:19,348 - INFO - Successfully scraped article from: https://indianexpress.com/article/technology/tech-news-technology/china-announces-measures-against-google-other-us-firms-as-trade-tensions-escalate-9816925/?ref=shrt_article_readfull
2025-02-05 16:31:19,469 - INFO - Successfully saved article: thehindu_Premier League Arsenal hammer Man City 5-1 to stay.md
2025-02-05 16:31:19,469 - INFO - Successfully scraped article from: https://www.thehindu.com/sport/football/premier-league-arsenal-hammer-man-city-5-1-to-stay-in-title-hunt/article69173901.ece
2025-02-06 13:03:37,446 - ERROR - No selected configured for domain indianexpress.com
2025-02-06 13:03:37,447 - ERROR - No selected configured for domain www.thehindu.com
2025-02-06 13:04:03,538 - ERROR - No selected configured for domain indianexpress.com
2025-02-06 13:04:03,539 - ERROR - No selected configured for domain www.thehindu.com
2025-02-06 13:04:51,521 - ERROR - No selected configured for domain indianexpress.com
2025-02-06 13:04:51,522 - ERROR - No selected configured for domain www.thehindu.com
2025-02-06 13:05:18,097 - ERROR - No selected configured for domain indianexpress.com
2025-02-06 13:05:18,098 - ERROR - No selected configured for domain www.thehindu.com
2025-02-06 13:05:18,099 - ERROR - Task failed for url https://indianexpress.com/article/technology/tech-news-technology/china-announces-measures-against-google-other-us-firms-as-trade-tensions-escalate-9816925/?ref=shrt_article_readfull..
2025-02-06 13:05:18,099 - ERROR - Task failed for url https://www.thehindu.com/sport/football/premier-league-arsenal-hammer-man-city-5-1-to-stay-in-title-hunt/article69173901.ece..
2025-02-06 13:05:52,502 - ERROR - No selected configured for domain indianexpress.com
2025-02-06 13:05:52,502 - ERROR - No selected configured for domain www.thehindu.com
2025-02-06 13:05:52,503 - ERROR - Task failed for url https://indianexpress.com/article/technology/tech-news-technology/china-announces-measures-against-google-other-us-firms-as-trade-tensions-escalate-9816925/?ref=shrt_article_readfull..
2025-02-06 13:05:52,503 - ERROR - Task failed for url https://www.thehindu.com/sport/football/premier-league-arsenal-hammer-man-city-5-1-to-stay-in-title-hunt/article69173901.ece..
2025-02-06 13:07:50,622 - ERROR - No selected configured for domain indianexpress.com
2025-02-06 13:07:50,623 - ERROR - No selected configured for domain www.thehindu.com
2025-02-06 13:07:50,623 - ERROR - Task failed for url https://indianexpress.com/article/technology/tech-news-technology/china-announces-measures-against-google-other-us-firms-as-trade-tensions-escalate-9816925/?ref=shrt_article_readfull..
2025-02-06 13:07:50,623 - ERROR - Task failed for url https://www.thehindu.com/sport/football/premier-league-arsenal-hammer-man-city-5-1-to-stay-in-title-hunt/article69173901.ece..
2025-02-06 14:02:51,658 - ERROR - No selected configured for domain indianexpress.com
2025-02-06 14:02:51,659 - ERROR - No selected configured for domain www.thehindu.com
2025-02-06 14:02:51,659 - ERROR - Task failed for url https://indianexpress.com/article/technology/tech-news-technology/china-announces-measures-against-google-other-us-firms-as-trade-tensions-escalate-9816925/?ref=shrt_article_readfull..
2025-02-06 14:02:51,659 - ERROR - Task failed for url https://www.thehindu.com/sport/football/premier-league-arsenal-hammer-man-city-5-1-to-stay-in-title-hunt/article69173901.ece..
2025-02-06 14:05:07,126 - ERROR - No selected configured for domain indianexpress.com
2025-02-06 14:05:07,126 - ERROR - No selected configured for domain www.thehindu.com
2025-02-06 14:05:07,127 - ERROR - Task failed for url https://indianexpress.com/article/technology/tech-news-technology/china-announces-measures-against-google-other-us-firms-as-trade-tensions-escalate-9816925/?ref=shrt_article_readfull..
2025-02-06 14:05:07,127 - ERROR - Task failed for url https://www.thehindu.com/sport/football/premier-league-arsenal-hammer-man-city-5-1-to-stay-in-title-hunt/article69173901.ece..
2025-02-06 14:05:25,415 - ERROR - No selected configured for domain www.thehindu.com
2025-02-06 14:05:25,731 - INFO - Successfu    lly saved article: indianexpress_China announces measures against Google other US f.md
2025-02-06 14:05:25,732 - INFO - Successfully scraped article from: https://indianexpress.com/article/technology/tech-news-technology/china-announces-measures-against-google-other-us-firms-as-trade-tensions-escalate-9816925/?ref=shrt_article_readfull
2025-02-06 14:05:25,733 - ERROR - Task failed for url https://www.thehindu.com/sport/football/premier-league-arsenal-hammer-man-city-5-1-to-stay-in-title-hunt/article69173901.ece..
2025-02-06 14:06:14,838 - ERROR - No selected configured for domain www.thehindu.com
2025-02-06 14:06:15,097 - INFO - Successfu    lly saved article: indianexpress_China announces measures against Google other US f.md
2025-02-06 14:06:15,098 - INFO - Successfully scraped article from: https://indianexpress.com/article/technology/tech-news-technology/china-announces-measures-against-google-other-us-firms-as-trade-tensions-escalate-9816925/?ref=shrt_article_readfull
2025-02-06 14:06:15,099 - ERROR - Task failed for url https://www.thehindu.com/sport/football/premier-league-arsenal-hammer-man-city-5-1-to-stay-in-title-hunt/article69173901.ece..
2025-02-06 14:07:27,765 - ERROR - No selected configured for domain www.thehindu.com
2025-02-06 14:07:28,016 - INFO - Successfu    lly saved article: indianexpress_China announces measures against Google other US f.md
2025-02-06 14:07:28,016 - INFO - Successfully scraped article from: https://indianexpress.com/article/technology/tech-news-technology/china-announces-measures-against-google-other-us-firms-as-trade-tensions-escalate-9816925/?ref=shrt_article_readfull
2025-02-06 14:07:28,017 - ERROR - Task failed for url https://www.thehindu.com/sport/football/premier-league-arsenal-hammer-man-city-5-1-to-stay-in-title-hunt/article69173901.ece..
2025-02-06 14:09:04,562 - INFO - Successfu    lly saved article: indianexpress_China announces measures against Google other US f.md
2025-02-06 14:09:04,563 - INFO - Successfully scraped article from: https://indianexpress.com/article/technology/tech-news-technology/china-announces-measures-against-google-other-us-firms-as-trade-tensions-escalate-9816925/?ref=shrt_article_readfull
2025-02-06 14:09:04,707 - INFO - Successfu    lly saved article: thehindu_Premier League Arsenal hammer Man City 5-1 to stay.md
2025-02-06 14:09:04,707 - INFO - Successfully scraped article from: https://www.thehindu.com/sport/football/premier-league-arsenal-hammer-man-city-5-1-to-stay-in-title-hunt/article69173901.ece
2025-02-06 14:09:51,146 - INFO - Successfu    lly saved article: indianexpress_China announces measures against Google other US f.md
2025-02-06 14:09:51,146 - INFO - Successfully scraped article from: https://indianexpress.com/article/technology/tech-news-technology/china-announces-measures-against-google-other-us-firms-as-trade-tensions-escalate-9816925/?ref=shrt_article_readfull
2025-02-06 14:09:51,272 - INFO - Successfu    lly saved article: thehindu_Premier League Arsenal hammer Man City 5-1 to stay.md
2025-02-06 14:09:51,273 - INFO - Successfully scraped article from: https://www.thehindu.com/sport/football/premier-league-arsenal-hammer-man-city-5-1-to-stay-in-title-hunt/article69173901.ece
2025-02-06 14:15:18,388 - INFO - Successfu    lly saved article: thehindu_Premier League Arsenal hammer Man City 5-1 to stay.md
2025-02-06 14:15:18,389 - INFO - Successfully scraped article from: https://www.thehindu.com/sport/football/premier-league-arsenal-hammer-man-city-5-1-to-stay-in-title-hunt/article69173901.ece
2025-02-06 14:15:18,524 - INFO - Successfu    lly saved article: indianexpress_China announces measures against Google other US f.md
2025-02-06 14:15:18,525 - INFO - Successfully scraped article from: https://indianexpress.com/article/technology/tech-news-technology/china-announces-measures-against-google-other-us-firms-as-trade-tensions-escalate-9816925/?ref=shrt_article_readfull
2025-02-06 14:15:18,548 - ERROR - Error scraping https://www.bbc.com/news/articles/c0rqxpg2ryvo: Title element not found
2025-02-06 14:15:18,549 - ERROR - Task failed for url https://www.bbc.com/news/articles/c0rqxpg2ryvo..
2025-02-06 14:16:32,866 - INFO - Successfu    lly saved article: thehindu_Premier League Arsenal hammer Man City 5-1 to stay.md
2025-02-06 14:16:32,866 - INFO - Successfully scraped article from: https://www.thehindu.com/sport/football/premier-league-arsenal-hammer-man-city-5-1-to-stay-in-title-hunt/article69173901.ece
2025-02-06 14:16:32,916 - ERROR - Error scraping https://www.bbc.com/news/articles/c0rqxpg2ryvo: Content element not found
2025-02-06 14:16:33,034 - INFO - Successfu    lly saved article: indianexpress_China announces measures against Google other US f.md
2025-02-06 14:16:33,034 - INFO - Successfully scraped article from: https://indianexpress.com/article/technology/tech-news-technology/china-announces-measures-against-google-other-us-firms-as-trade-tensions-escalate-9816925/?ref=shrt_article_readfull
2025-02-06 14:16:33,035 - ERROR - Task failed for url https://www.bbc.com/news/articles/c0rqxpg2ryvo..
2025-02-06 14:18:45,634 - INFO - Successfu    lly saved article: thehindu_Premier League Arsenal hammer Man City 5-1 to stay.md
2025-02-06 14:18:45,635 - INFO - Successfully scraped article from: https://www.thehindu.com/sport/football/premier-league-arsenal-hammer-man-city-5-1-to-stay-in-title-hunt/article69173901.ece
2025-02-06 14:18:45,710 - INFO - Successfu    lly saved article: indianexpress_China announces measures against Google other US f.md
2025-02-06 14:18:45,710 - INFO - Successfully scraped article from: https://indianexpress.com/article/technology/tech-news-technology/china-announces-measures-against-google-other-us-firms-as-trade-tensions-escalate-9816925/?ref=shrt_article_readfull
2025-02-06 14:18:45,737 - ERROR - Error scraping https://www.bbc.com/news/articles/c0rqxpg2ryvo: Content element not found
2025-02-06 14:18:45,739 - ERROR - Task failed for url https://www.bbc.com/news/articles/c0rqxpg2ryvo..
2025-02-06 14:19:18,441 - INFO - Successfu    lly saved article: thehindu_Premier League Arsenal hammer Man City 5-1 to stay.md
2025-02-06 14:19:18,441 - INFO - Successfully scraped article from: https://www.thehindu.com/sport/football/premier-league-arsenal-hammer-man-city-5-1-to-stay-in-title-hunt/article69173901.ece
2025-02-06 14:19:18,605 - INFO - Successfu    lly saved article: indianexpress_China announces measures against Google other US f.md
2025-02-06 14:19:18,606 - INFO - Successfully scraped article from: https://indianexpress.com/article/technology/tech-news-technology/china-announces-measures-against-google-other-us-firms-as-trade-tensions-escalate-9816925/?ref=shrt_article_readfull
2025-02-06 14:19:19,050 - ERROR - Error scraping https://www.bbc.com/news/articles/c0rqxpg2ryvo: Title element not found
2025-02-06 14:19:19,051 - ERROR - Task failed for url https://www.bbc.com/news/articles/c0rqxpg2ryvo..
2025-02-06 14:19:49,609 - INFO - Successfu    lly saved article: thehindu_Premier League Arsenal hammer Man City 5-1 to stay.md
2025-02-06 14:19:49,610 - INFO - Successfully scraped article from: https://www.thehindu.com/sport/football/premier-league-arsenal-hammer-man-city-5-1-to-stay-in-title-hunt/article69173901.ece
2025-02-06 14:19:49,709 - ERROR - Error scraping https://www.bbc.com/news/articles/c0rqxpg2ryvo: Title element not found
2025-02-06 14:19:49,767 - INFO - Successfu    lly saved article: indianexpress_China announces measures against Google other US f.md
2025-02-06 14:19:49,767 - INFO - Successfully scraped article from: https://indianexpress.com/article/technology/tech-news-technology/china-announces-measures-against-google-other-us-firms-as-trade-tensions-escalate-9816925/?ref=shrt_article_readfull
2025-02-06 14:19:49,768 - ERROR - Task failed for url https://www.bbc.com/news/articles/c0rqxpg2ryvo..
2025-02-06 14:20:57,127 - INFO - Successfu    lly saved article: indianexpress_China announces measures against Google other US f.md
2025-02-06 14:20:57,127 - INFO - Successfully scraped article from: https://indianexpress.com/article/technology/tech-news-technology/china-announces-measures-against-google-other-us-firms-as-trade-tensions-escalate-9816925/?ref=shrt_article_readfull
2025-02-06 14:20:57,170 - INFO - Successfu    lly saved article: thehindu_Premier League Arsenal hammer Man City 5-1 to stay.md
2025-02-06 14:20:57,171 - INFO - Successfully scraped article from: https://www.thehindu.com/sport/football/premier-league-arsenal-hammer-man-city-5-1-to-stay-in-title-hunt/article69173901.ece
2025-02-06 14:20:57,309 - INFO - Successfu    lly saved article: bbc_Prevent closed Southport killer case prematurely.md
2025-02-06 14:20:57,310 - INFO - Successfully scraped article from: https://www.bbc.com/news/articles/c0rqxpg2ryvo
2025-02-06 14:22:22,265 - INFO - Successfu    lly saved article: thehindu_Premier League Arsenal hammer Man City 5-1 to stay.md
2025-02-06 14:22:22,265 - INFO - Successfully scraped article from: https://www.thehindu.com/sport/football/premier-league-arsenal-hammer-man-city-5-1-to-stay-in-title-hunt/article69173901.ece
2025-02-06 14:22:22,355 - ERROR - Error scraping https://www.bbc.com/news/articles/c0rqxpg2ryvo: Content element not found
2025-02-06 14:22:22,430 - INFO - Successfu    lly saved article: indianexpress_China announces measures against Google other US f.md
2025-02-06 14:22:22,430 - INFO - Successfully scraped article from: https://indianexpress.com/article/technology/tech-news-technology/china-announces-measures-against-google-other-us-firms-as-trade-tensions-escalate-9816925/?ref=shrt_article_readfull
2025-02-06 14:22:22,431 - ERROR - Task failed for url https://www.bbc.com/news/articles/c0rqxpg2ryvo..
2025-02-06 14:22:38,544 - INFO - Successfu    lly saved article: thehindu_Premier League Arsenal hammer Man City 5-1 to stay.md
2025-02-06 14:22:38,544 - INFO - Successfully scraped article from: https://www.thehindu.com/sport/football/premier-league-arsenal-hammer-man-city-5-1-to-stay-in-title-hunt/article69173901.ece
2025-02-06 14:22:38,604 - INFO - Successfu    lly saved article: indianexpress_China announces measures against Google other US f.md
2025-02-06 14:22:38,604 - INFO - Successfully scraped article from: https://indianexpress.com/article/technology/tech-news-technology/china-announces-measures-against-google-other-us-firms-as-trade-tensions-escalate-9816925/?ref=shrt_article_readfull
2025-02-06 14:22:38,638 - ERROR - Error scraping https://www.bbc.com/news/articles/c0rqxpg2ryvo: Content element not found
2025-02-06 14:22:38,639 - ERROR - Task failed for url https://www.bbc.com/news/articles/c0rqxpg2ryvo..
2025-02-06 14:23:34,720 - INFO - Successfu    lly saved article: thehindu_Premier League Arsenal hammer Man City 5-1 to stay.md
2025-02-06 14:23:34,721 - INFO - Successfully scraped article from: https://www.thehindu.com/sport/football/premier-league-arsenal-hammer-man-city-5-1-to-stay-in-title-hunt/article69173901.ece
2025-02-06 14:23:34,830 - INFO - Successfu    lly saved article: bbc_Prevent closed Southport killer case prematurely.md
2025-02-06 14:23:34,831 - INFO - Successfully scraped article from: https://www.bbc.com/news/articles/c0rqxpg2ryvo
2025-02-06 14:23:34,894 - INFO - Successfu    lly saved article: indianexpress_China announces measures against Google other US f.md
2025-02-06 14:23:34,895 - INFO - Successfully scraped article from: https://indianexpress.com/article/technology/tech-news-technology/china-announces-measures-against-google-other-us-firms-as-trade-tensions-escalate-9816925/?ref=shrt_article_readfull
2025-02-06 14:24:08,984 - INFO - Successfu    lly saved article: thehindu_Premier League Arsenal hammer Man City 5-1 to stay.md
2025-02-06 14:24:08,985 - INFO - Successfully scraped article from: https://www.thehindu.com/sport/football/premier-league-arsenal-hammer-man-city-5-1-to-stay-in-title-hunt/article69173901.ece
2025-02-06 14:24:09,084 - INFO - Successfu    lly saved article: bbc_Prevent closed Southport killer case prematurely.md
2025-02-06 14:24:09,085 - INFO - Successfully scraped article from: https://www.bbc.com/news/articles/c0rqxpg2ryvo
2025-02-06 14:24:09,182 - INFO - Successfu    lly saved article: indianexpress_China announces measures against Google other US f.md
2025-02-06 14:24:09,183 - INFO - Successfully scraped article from: https://indianexpress.com/article/technology/tech-news-technology/china-announces-measures-against-google-other-us-firms-as-trade-tensions-escalate-9816925/?ref=shrt_article_readfull
2025-02-06 14:24:50,757 - INFO - Successfu    lly saved article: thehindu_Premier League Arsenal hammer Man City 5-1 to stay.md
2025-02-06 14:24:50,757 - INFO - Successfully scraped article from: https://www.thehindu.com/sport/football/premier-league-arsenal-hammer-man-city-5-1-to-stay-in-title-hunt/article69173901.ece
2025-02-06 14:24:50,861 - INFO - Successfu    lly saved article: bbc_Prevent closed Southport killer case prematurely.md
2025-02-06 14:24:50,862 - INFO - Successfully scraped article from: https://www.bbc.com/news/articles/c0rqxpg2ryvo
2025-02-06 14:24:50,916 - INFO - Successfu    lly saved article: indianexpress_China announces measures against Google other US f.md
2025-02-06 14:24:50,916 - INFO - Successfully scraped article from: https://indianexpress.com/article/technology/tech-news-technology/china-announces-measures-against-google-other-us-firms-as-trade-tensions-escalate-9816925/?ref=shrt_article_readfull
2025-02-06 14:25:02,950 - INFO - Successfu    lly saved article: thehindu_Premier League Arsenal hammer Man City 5-1 to stay.md
2025-02-06 14:25:02,951 - INFO - Successfully scraped article from: https://www.thehindu.com/sport/football/premier-league-arsenal-hammer-man-city-5-1-to-stay-in-title-hunt/article69173901.ece
2025-02-06 14:25:03,046 - INFO - Successfu    lly saved article: indianexpress_China announces measures against Google other US f.md
2025-02-06 14:25:03,047 - INFO - Successfully scraped article from: https://indianexpress.com/article/technology/tech-news-technology/china-announces-measures-against-google-other-us-firms-as-trade-tensions-escalate-9816925/?ref=shrt_article_readfull
2025-02-06 14:25:03,076 - INFO - Successfu    lly saved article: bbc_Prevent closed Southport killer case prematurely.md
2025-02-06 14:25:03,077 - INFO - Successfully scraped article from: https://www.bbc.com/news/articles/c0rqxpg2ryvo
2025-02-06 14:25:26,980 - INFO - Successfu    lly saved article: thehindu_Premier League Arsenal hammer Man City 5-1 to stay.md
2025-02-06 14:25:26,981 - INFO - Successfully scraped article from: https://www.thehindu.com/sport/football/premier-league-arsenal-hammer-man-city-5-1-to-stay-in-title-hunt/article69173901.ece
2025-02-06 14:25:27,031 - INFO - Successfu    lly saved article: bbc_Prevent closed Southport killer case prematurely.md
2025-02-06 14:25:27,032 - INFO - Successfully scraped article from: https://www.bbc.com/news/articles/c0rqxpg2ryvo
2025-02-06 14:25:27,289 - INFO - Successfu    lly saved article: indianexpress_China announces measures against Google other US f.md
2025-02-06 14:25:27,290 - INFO - Successfully scraped article from: https://indianexpress.com/article/technology/tech-news-technology/china-announces-measures-against-google-other-us-firms-as-trade-tensions-escalate-9816925/?ref=shrt_article_readfull
2025-02-06 14:26:13,987 - INFO - Successfu    lly saved article: thehindu_Premier League Arsenal hammer Man City 5-1 to stay.md
2025-02-06 14:26:13,988 - INFO - Successfully scraped article from: https://www.thehindu.com/sport/football/premier-league-arsenal-hammer-man-city-5-1-to-stay-in-title-hunt/article69173901.ece
2025-02-06 14:26:14,018 - INFO - Successfu    lly saved article: bbc_Prevent closed Southport killer case prematurely.md
2025-02-06 14:26:14,018 - INFO - Successfully scraped article from: https://www.bbc.com/news/articles/c0rqxpg2ryvo
2025-02-06 14:26:14,148 - INFO - Successfu    lly saved article: indianexpress_China announces measures against Google other US f.md
2025-02-06 14:26:14,148 - INFO - Successfully scraped article from: https://indianexpress.com/article/technology/tech-news-technology/china-announces-measures-against-google-other-us-firms-as-trade-tensions-escalate-9816925/?ref=shrt_article_readfull
2025-02-06 14:27:23,116 - INFO - Successfu    lly saved article: thehindu_Premier League Arsenal hammer Man City 5-1 to stay.md
2025-02-06 14:27:23,117 - INFO - Successfully scraped article from: https://www.thehindu.com/sport/football/premier-league-arsenal-hammer-man-city-5-1-to-stay-in-title-hunt/article69173901.ece
2025-02-06 14:27:23,145 - ERROR - Error scraping https://www.bbc.com/news/articles/c0rqxpg2ryvo: Content element not found
2025-02-06 14:27:23,278 - INFO - Successfu    lly saved article: indianexpress_China announces measures against Google other US f.md
2025-02-06 14:27:23,279 - INFO - Successfully scraped article from: https://indianexpress.com/article/technology/tech-news-technology/china-announces-measures-against-google-other-us-firms-as-trade-tensions-escalate-9816925/?ref=shrt_article_readfull
2025-02-06 14:27:23,280 - ERROR - Task failed for url https://www.bbc.com/news/articles/c0rqxpg2ryvo..
2025-02-06 14:28:25,078 - ERROR - Error scraping https://www.thehindu.com/sport/football/premier-league-arsenal-hammer-man-city-5-1-to-stay-in-title-hunt/article69173901.ece: Content element not found
2025-02-06 14:28:25,100 - ERROR - Error scraping https://www.bbc.com/news/articles/c0rqxpg2ryvo: Content element not found
2025-02-06 14:28:25,176 - ERROR - Error scraping https://indianexpress.com/article/technology/tech-news-technology/china-announces-measures-against-google-other-us-firms-as-trade-tensions-escalate-9816925/?ref=shrt_article_readfull: Content element not found
2025-02-06 14:28:25,178 - ERROR - Task failed for url https://indianexpress.com/article/technology/tech-news-technology/china-announces-measures-against-google-other-us-firms-as-trade-tensions-escalate-9816925/?ref=shrt_article_readfull..
2025-02-06 14:28:25,178 - ERROR - Task failed for url https://www.thehindu.com/sport/football/premier-league-arsenal-hammer-man-city-5-1-to-stay-in-title-hunt/article69173901.ece..
2025-02-06 14:28:25,179 - ERROR - Task failed for url https://www.bbc.com/news/articles/c0rqxpg2ryvo..
2025-02-06 14:30:01,993 - INFO - Successfu    lly saved article: thehindu_Premier League Arsenal hammer Man City 5-1 to stay.md
2025-02-06 14:30:01,994 - INFO - Successfully scraped article from: https://www.thehindu.com/sport/football/premier-league-arsenal-hammer-man-city-5-1-to-stay-in-title-hunt/article69173901.ece
2025-02-06 14:30:02,044 - ERROR - Error scraping https://www.bbc.com/news/articles/c0rqxpg2ryvo: Content element not found
2025-02-06 14:30:02,203 - INFO - Successfu    lly saved article: indianexpress_China announces measures against Google other US f.md
2025-02-06 14:30:02,204 - INFO - Successfully scraped article from: https://indianexpress.com/article/technology/tech-news-technology/china-announces-measures-against-google-other-us-firms-as-trade-tensions-escalate-9816925/?ref=shrt_article_readfull
2025-02-06 14:30:02,206 - ERROR - Task failed for url https://www.bbc.com/news/articles/c0rqxpg2ryvo..
2025-02-06 14:30:29,040 - ERROR - Error scraping https://www.thehindu.com/sport/football/premier-league-arsenal-hammer-man-city-5-1-to-stay-in-title-hunt/article69173901.ece: ResultSet object has no attribute "select". You're probably treating a list of elements like a single element. Did you call find_all() when you meant to call find()?
2025-02-06 14:30:29,144 - ERROR - Error scraping https://www.bbc.com/news/articles/c0rqxpg2ryvo: Content element not found
2025-02-06 14:30:29,193 - ERROR - Error scraping https://indianexpress.com/article/technology/tech-news-technology/china-announces-measures-against-google-other-us-firms-as-trade-tensions-escalate-9816925/?ref=shrt_article_readfull: ResultSet object has no attribute "select". You're probably treating a list of elements like a single element. Did you call find_all() when you meant to call find()?
2025-02-06 14:30:29,194 - ERROR - Task failed for url https://indianexpress.com/article/technology/tech-news-technology/china-announces-measures-against-google-other-us-firms-as-trade-tensions-escalate-9816925/?ref=shrt_article_readfull..
2025-02-06 14:30:29,194 - ERROR - Task failed for url https://www.thehindu.com/sport/football/premier-league-arsenal-hammer-man-city-5-1-to-stay-in-title-hunt/article69173901.ece..
2025-02-06 14:30:29,195 - ERROR - Task failed for url https://www.bbc.com/news/articles/c0rqxpg2ryvo..
2025-02-06 14:30:49,837 - ERROR - Error scraping https://www.thehindu.com/sport/football/premier-league-arsenal-hammer-man-city-5-1-to-stay-in-title-hunt/article69173901.ece: ResultSet object has no attribute "select". You're probably treating a list of elements like a single element. Did you call find_all() when you meant to call find()?
2025-02-06 14:30:49,864 - ERROR - Error scraping https://www.bbc.com/news/articles/c0rqxpg2ryvo: Content element not found
2025-02-06 14:30:49,913 - ERROR - Error scraping https://indianexpress.com/article/technology/tech-news-technology/china-announces-measures-against-google-other-us-firms-as-trade-tensions-escalate-9816925/?ref=shrt_article_readfull: ResultSet object has no attribute "select". You're probably treating a list of elements like a single element. Did you call find_all() when you meant to call find()?
2025-02-06 14:30:49,914 - ERROR - Task failed for url https://indianexpress.com/article/technology/tech-news-technology/china-announces-measures-against-google-other-us-firms-as-trade-tensions-escalate-9816925/?ref=shrt_article_readfull..
2025-02-06 14:30:49,915 - ERROR - Task failed for url https://www.thehindu.com/sport/football/premier-league-arsenal-hammer-man-city-5-1-to-stay-in-title-hunt/article69173901.ece..
2025-02-06 14:30:49,915 - ERROR - Task failed for url https://www.bbc.com/news/articles/c0rqxpg2ryvo..
2025-02-06 14:31:07,260 - ERROR - Error scraping https://www.thehindu.com/sport/football/premier-league-arsenal-hammer-man-city-5-1-to-stay-in-title-hunt/article69173901.ece: ResultSet object has no attribute "select". You're probably treating a list of elements like a single element. Did you call find_all() when you meant to call find()?
2025-02-06 14:31:07,284 - ERROR - Error scraping https://www.bbc.com/news/articles/c0rqxpg2ryvo: Content element not found
2025-02-06 14:31:07,329 - ERROR - Error scraping https://indianexpress.com/article/technology/tech-news-technology/china-announces-measures-against-google-other-us-firms-as-trade-tensions-escalate-9816925/?ref=shrt_article_readfull: ResultSet object has no attribute "select". You're probably treating a list of elements like a single element. Did you call find_all() when you meant to call find()?
2025-02-06 14:31:07,330 - ERROR - Task failed for url https://indianexpress.com/article/technology/tech-news-technology/china-announces-measures-against-google-other-us-firms-as-trade-tensions-escalate-9816925/?ref=shrt_article_readfull..
2025-02-06 14:31:07,331 - ERROR - Task failed for url https://www.thehindu.com/sport/football/premier-league-arsenal-hammer-man-city-5-1-to-stay-in-title-hunt/article69173901.ece..
2025-02-06 14:31:07,331 - ERROR - Task failed for url https://www.bbc.com/news/articles/c0rqxpg2ryvo..
2025-02-06 14:32:10,235 - ERROR - Error scraping https://www.thehindu.com/sport/football/premier-league-arsenal-hammer-man-city-5-1-to-stay-in-title-hunt/article69173901.ece: ResultSet object has no attribute "select". You're probably treating a list of elements like a single element. Did you call find_all() when you meant to call find()?
2025-02-06 14:32:10,287 - ERROR - Error scraping https://indianexpress.com/article/technology/tech-news-technology/china-announces-measures-against-google-other-us-firms-as-trade-tensions-escalate-9816925/?ref=shrt_article_readfull: ResultSet object has no attribute "select". You're probably treating a list of elements like a single element. Did you call find_all() when you meant to call find()?
2025-02-06 14:32:10,289 - ERROR - Task failed for url https://indianexpress.com/article/technology/tech-news-technology/china-announces-measures-against-google-other-us-firms-as-trade-tensions-escalate-9816925/?ref=shrt_article_readfull..
2025-02-06 14:32:10,289 - ERROR - Task failed for url https://www.thehindu.com/sport/football/premier-league-arsenal-hammer-man-city-5-1-to-stay-in-title-hunt/article69173901.ece..
2025-02-06 14:33:11,981 - ERROR - Error scraping https://www.thehindu.com/sport/football/premier-league-arsenal-hammer-man-city-5-1-to-stay-in-title-hunt/article69173901.ece: ResultSet object has no attribute "select". You're probably treating a list of elements like a single element. Did you call find_all() when you meant to call find()?
2025-02-06 14:33:12,148 - ERROR - Error scraping https://indianexpress.com/article/technology/tech-news-technology/china-announces-measures-against-google-other-us-firms-as-trade-tensions-escalate-9816925/?ref=shrt_article_readfull: ResultSet object has no attribute "select". You're probably treating a list of elements like a single element. Did you call find_all() when you meant to call find()?
2025-02-06 14:33:12,149 - ERROR - Task failed for url https://indianexpress.com/article/technology/tech-news-technology/china-announces-measures-against-google-other-us-firms-as-trade-tensions-escalate-9816925/?ref=shrt_article_readfull..
2025-02-06 14:33:12,149 - ERROR - Task failed for url https://www.thehindu.com/sport/football/premier-league-arsenal-hammer-man-city-5-1-to-stay-in-title-hunt/article69173901.ece..
2025-02-06 14:33:47,302 - INFO - Successfu    lly saved article: thehindu_Premier League Arsenal hammer Man City 5-1 to stay.md
2025-02-06 14:33:47,302 - INFO - Successfully scraped article from: https://www.thehindu.com/sport/football/premier-league-arsenal-hammer-man-city-5-1-to-stay-in-title-hunt/article69173901.ece
2025-02-06 14:33:47,469 - INFO - Successfu    lly saved article: indianexpress_China announces measures against Google other US f.md
2025-02-06 14:33:47,470 - INFO - Successfully scraped article from: https://indianexpress.com/article/technology/tech-news-technology/china-announces-measures-against-google-other-us-firms-as-trade-tensions-escalate-9816925/?ref=shrt_article_readfull
2025-02-06 14:34:30,199 - INFO - Successfu    lly saved article: thehindu_Premier League Arsenal hammer Man City 5-1 to stay.md
2025-02-06 14:34:30,200 - INFO - Successfully scraped article from: https://www.thehindu.com/sport/football/premier-league-arsenal-hammer-man-city-5-1-to-stay-in-title-hunt/article69173901.ece
2025-02-06 14:34:30,307 - INFO - Successfu    lly saved article: bbc_Prevent closed Southport killer case prematurely.md
2025-02-06 14:34:30,308 - INFO - Successfully scraped article from: https://www.bbc.com/news/articles/c0rqxpg2ryvo
2025-02-06 14:34:30,437 - INFO - Successfu    lly saved article: indianexpress_China announces measures against Google other US f.md
2025-02-06 14:34:30,438 - INFO - Successfully scraped article from: https://indianexpress.com/article/technology/tech-news-technology/china-announces-measures-against-google-other-us-firms-as-trade-tensions-escalate-9816925/?ref=shrt_article_readfull
2025-02-06 14:35:51,212 - INFO - Successfu    lly saved article: thehindu_Premier League Arsenal hammer Man City 5-1 to stay.md
2025-02-06 14:35:51,213 - INFO - Successfully scraped article from: https://www.thehindu.com/sport/football/premier-league-arsenal-hammer-man-city-5-1-to-stay-in-title-hunt/article69173901.ece
2025-02-06 14:35:51,297 - ERROR - Error scraping https://www.bbc.com/news/articles/c0rqxpg2ryvo: Content element not found
2025-02-06 14:35:51,353 - INFO - Successfu    lly saved article: indianexpress_China announces measures against Google other US f.md
2025-02-06 14:35:51,353 - INFO - Successfully scraped article from: https://indianexpress.com/article/technology/tech-news-technology/china-announces-measures-against-google-other-us-firms-as-trade-tensions-escalate-9816925/?ref=shrt_article_readfull
2025-02-06 14:35:51,355 - ERROR - Task failed for url https://www.bbc.com/news/articles/c0rqxpg2ryvo..
2025-02-06 14:37:38,859 - INFO - Successfu    lly saved article: thehindu_Premier League Arsenal hammer Man City 5-1 to stay.md
2025-02-06 14:37:38,859 - INFO - Successfully scraped article from: https://www.thehindu.com/sport/football/premier-league-arsenal-hammer-man-city-5-1-to-stay-in-title-hunt/article69173901.ece
2025-02-06 14:37:38,891 - INFO - Successfu    lly saved article: bbc_Prevent closed Southport killer case prematurely.md
2025-02-06 14:37:38,891 - INFO - Successfully scraped article from: https://www.bbc.com/news/articles/c0rqxpg2ryvo
2025-02-06 14:37:38,948 - INFO - Successfu    lly saved article: indianexpress_China announces measures against Google other US f.md
2025-02-06 14:37:38,951 - INFO - Successfully scraped article from: https://indianexpress.com/article/technology/tech-news-technology/china-announces-measures-against-google-other-us-firms-as-trade-tensions-escalate-9816925/?ref=shrt_article_readfull
2025-02-06 14:38:11,759 - INFO - Successfu    lly saved article: thehindu_Premier League Arsenal hammer Man City 5-1 to stay.md
2025-02-06 14:38:11,760 - INFO - Successfully scraped article from: https://www.thehindu.com/sport/football/premier-league-arsenal-hammer-man-city-5-1-to-stay-in-title-hunt/article69173901.ece
2025-02-06 14:38:11,794 - INFO - Successfu    lly saved article: bbc_Prevent closed Southport killer case prematurely.md
2025-02-06 14:38:11,795 - INFO - Successfully scraped article from: https://www.bbc.com/news/articles/c0rqxpg2ryvo
2025-02-06 14:38:11,870 - INFO - Successfu    lly saved article: indianexpress_China announces measures against Google other US f.md
2025-02-06 14:38:11,871 - INFO - Successfully scraped article from: https://indianexpress.com/article/technology/tech-news-technology/china-announces-measures-against-google-other-us-firms-as-trade-tensions-escalate-9816925/?ref=shrt_article_readfull
2025-02-06 14:40:29,725 - INFO - Successfu    lly saved article: bbc_Prevent closed Southport killer case prematurely.md
2025-02-06 14:40:29,725 - INFO - Successfully scraped article from: https://www.bbc.com/news/articles/c0rqxpg2ryvo
2025-02-06 14:40:29,795 - INFO - Successfu    lly saved article: indianexpress_China announces measures against Google other US f.md
2025-02-06 14:40:29,795 - INFO - Successfully scraped article from: https://indianexpress.com/article/technology/tech-news-technology/china-announces-measures-against-google-other-us-firms-as-trade-tensions-escalate-9816925/?ref=shrt_article_readfull
2025-02-06 14:40:29,839 - INFO - Successfu    lly saved article: thehindu_Premier League Arsenal hammer Man City 5-1 to stay.md
2025-02-06 14:40:29,839 - INFO - Successfully scraped article from: https://www.thehindu.com/sport/football/premier-league-arsenal-hammer-man-city-5-1-to-stay-in-title-hunt/article69173901.ece
2025-02-06 14:44:56,524 - ERROR - Error scraping https://www.thehindu.com/sport/football/premier-league-arsenal-hammer-man-city-5-1-to-stay-in-title-hunt/article69173901.ece: ResultSet object has no attribute "get_text". You're probably treating a list of elements like a single element. Did you call find_all() when you meant to call find()?
2025-02-06 14:44:56,549 - ERROR - Error scraping https://www.bbc.com/news/articles/c0rqxpg2ryvo: ResultSet object has no attribute "get_text". You're probably treating a list of elements like a single element. Did you call find_all() when you meant to call find()?
2025-02-06 14:44:56,592 - ERROR - Error scraping https://indianexpress.com/article/technology/tech-news-technology/china-announces-measures-against-google-other-us-firms-as-trade-tensions-escalate-9816925/?ref=shrt_article_readfull: ResultSet object has no attribute "get_text". You're probably treating a list of elements like a single element. Did you call find_all() when you meant to call find()?
2025-02-06 14:44:56,593 - ERROR - Task failed for url https://indianexpress.com/article/technology/tech-news-technology/china-announces-measures-against-google-other-us-firms-as-trade-tensions-escalate-9816925/?ref=shrt_article_readfull..
2025-02-06 14:44:56,593 - ERROR - Task failed for url https://www.thehindu.com/sport/football/premier-league-arsenal-hammer-man-city-5-1-to-stay-in-title-hunt/article69173901.ece..
2025-02-06 14:44:56,594 - ERROR - Task failed for url https://www.bbc.com/news/articles/c0rqxpg2ryvo..
2025-02-06 14:45:07,888 - ERROR - Error scraping https://www.thehindu.com/sport/football/premier-league-arsenal-hammer-man-city-5-1-to-stay-in-title-hunt/article69173901.ece: ResultSet object has no attribute "select". You're probably treating a list of elements like a single element. Did you call find_all() when you meant to call find()?
2025-02-06 14:45:07,977 - ERROR - Error scraping https://indianexpress.com/article/technology/tech-news-technology/china-announces-measures-against-google-other-us-firms-as-trade-tensions-escalate-9816925/?ref=shrt_article_readfull: ResultSet object has no attribute "select". You're probably treating a list of elements like a single element. Did you call find_all() when you meant to call find()?
2025-02-06 14:45:08,006 - ERROR - Error scraping https://www.bbc.com/news/articles/c0rqxpg2ryvo: ResultSet object has no attribute "select". You're probably treating a list of elements like a single element. Did you call find_all() when you meant to call find()?
2025-02-06 14:45:08,007 - ERROR - Task failed for url https://indianexpress.com/article/technology/tech-news-technology/china-announces-measures-against-google-other-us-firms-as-trade-tensions-escalate-9816925/?ref=shrt_article_readfull..
2025-02-06 14:45:08,008 - ERROR - Task failed for url https://www.thehindu.com/sport/football/premier-league-arsenal-hammer-man-city-5-1-to-stay-in-title-hunt/article69173901.ece..
2025-02-06 14:45:08,008 - ERROR - Task failed for url https://www.bbc.com/news/articles/c0rqxpg2ryvo..
2025-02-06 14:50:35,367 - INFO - Successfu    lly saved article: thehindu_Premier League Arsenal hammer Man City 5-1 to stay.md
2025-02-06 14:50:35,368 - INFO - Successfully scraped article from: https://www.thehindu.com/sport/football/premier-league-arsenal-hammer-man-city-5-1-to-stay-in-title-hunt/article69173901.ece
2025-02-06 14:50:35,465 - INFO - Successfu    lly saved article: bbc_Prevent closed Southport killer case prematurely.md
2025-02-06 14:50:35,465 - INFO - Successfully scraped article from: https://www.bbc.com/news/articles/c0rqxpg2ryvo
2025-02-06 14:50:35,520 - INFO - Successfu    lly saved article: indianexpress_China announces measures against Google other US f.md
2025-02-06 14:50:35,521 - INFO - Successfully scraped article from: https://indianexpress.com/article/technology/tech-news-technology/china-announces-measures-against-google-other-us-firms-as-trade-tensions-escalate-9816925/?ref=shrt_article_readfull
2025-02-06 14:51:35,436 - INFO - Successfu    lly saved article: thehindu_Premier League Arsenal hammer Man City 5-1 to stay.md
2025-02-06 14:51:35,436 - INFO - Successfully scraped article from: https://www.thehindu.com/sport/football/premier-league-arsenal-hammer-man-city-5-1-to-stay-in-title-hunt/article69173901.ece
2025-02-06 14:51:35,545 - INFO - Successfu    lly saved article: bbc_Prevent closed Southport killer case prematurely.md
2025-02-06 14:51:35,545 - INFO - Successfully scraped article from: https://www.bbc.com/news/articles/c0rqxpg2ryvo
2025-02-06 14:51:35,604 - INFO - Successfu    lly saved article: indianexpress_China announces measures against Google other US f.md
2025-02-06 14:51:35,605 - INFO - Successfully scraped article from: https://indianexpress.com/article/technology/tech-news-technology/china-announces-measures-against-google-other-us-firms-as-trade-tensions-escalate-9816925/?ref=shrt_article_readfull
2025-02-06 14:52:47,974 - INFO - Successfu    lly saved article: thehindu_Premier League Arsenal hammer Man City 5-1 to stay.md
2025-02-06 14:52:47,975 - INFO - Successfully scraped article from: https://www.thehindu.com/sport/football/premier-league-arsenal-hammer-man-city-5-1-to-stay-in-title-hunt/article69173901.ece
2025-02-06 14:52:48,105 - INFO - Successfu    lly saved article: indianexpress_China announces measures against Google other US f.md
2025-02-06 14:52:48,106 - INFO - Successfully scraped article from: https://indianexpress.com/article/technology/tech-news-technology/china-announces-measures-against-google-other-us-firms-as-trade-tensions-escalate-9816925/?ref=shrt_article_readfull
2025-02-06 14:52:48,956 - INFO - Successfu    lly saved article: bbc_Prevent closed Southport killer case prematurely.md
2025-02-06 14:52:48,956 - INFO - Successfully scraped article from: https://www.bbc.com/news/articles/c0rqxpg2ryvo
2025-02-06 14:55:06,568 - INFO - Successfu    lly saved article: thehindu_Premier League Arsenal hammer Man City 5-1 to stay.md
2025-02-06 14:55:06,569 - INFO - Successfully scraped article from: https://www.thehindu.com/sport/football/premier-league-arsenal-hammer-man-city-5-1-to-stay-in-title-hunt/article69173901.ece
2025-02-06 14:55:06,703 - INFO - Successfu    lly saved article: bbc_Prevent closed Southport killer case prematurely.md
2025-02-06 14:55:06,703 - INFO - Successfully scraped article from: https://www.bbc.com/news/articles/c0rqxpg2ryvo
2025-02-06 14:55:06,828 - INFO - Successfu    lly saved article: indianexpress_China announces measures against Google other US f.md
2025-02-06 14:55:06,829 - INFO - Successfully scraped article from: https://indianexpress.com/article/technology/tech-news-technology/china-announces-measures-against-google-other-us-firms-as-trade-tensions-escalate-9816925/?ref=shrt_article_readfull
2025-02-06 14:55:50,508 - INFO - Successfu    lly saved article: thehindu_Premier League Arsenal hammer Man City 5-1 to stay.md
2025-02-06 14:55:50,508 - INFO - Successfully scraped article from: https://www.thehindu.com/sport/football/premier-league-arsenal-hammer-man-city-5-1-to-stay-in-title-hunt/article69173901.ece
2025-02-06 14:55:50,539 - INFO - Successfu    lly saved article: bbc_Prevent closed Southport killer case prematurely.md
2025-02-06 14:55:50,540 - INFO - Successfully scraped article from: https://www.bbc.com/news/articles/c0rqxpg2ryvo
2025-02-06 14:55:50,655 - INFO - Successfu    lly saved article: indianexpress_China announces measures against Google other US f.md
2025-02-06 14:55:50,655 - INFO - Successfully scraped article from: https://indianexpress.com/article/technology/tech-news-technology/china-announces-measures-against-google-other-us-firms-as-trade-tensions-escalate-9816925/?ref=shrt_article_readfull
2025-02-06 14:56:20,771 - ERROR - Error scraping https://indianexpress.com/article/technology/tech-news-technology/china-announces-measures-against-google-other-us-firms-as-trade-tensions-escalate-9816925/?ref=shrt_article_readfull: 'dict' object has no attribute 'key'
2025-02-06 14:56:20,772 - ERROR - Error scraping https://www.thehindu.com/sport/football/premier-league-arsenal-hammer-man-city-5-1-to-stay-in-title-hunt/article69173901.ece: 'dict' object has no attribute 'key'
2025-02-06 14:56:20,772 - ERROR - Error scraping https://www.bbc.com/news/articles/c0rqxpg2ryvo: 'dict' object has no attribute 'key'
2025-02-06 14:56:20,772 - ERROR - Task failed for url https://indianexpress.com/article/technology/tech-news-technology/china-announces-measures-against-google-other-us-firms-as-trade-tensions-escalate-9816925/?ref=shrt_article_readfull..
2025-02-06 14:56:20,773 - ERROR - Task failed for url https://www.thehindu.com/sport/football/premier-league-arsenal-hammer-man-city-5-1-to-stay-in-title-hunt/article69173901.ece..
2025-02-06 14:56:20,773 - ERROR - Task failed for url https://www.bbc.com/news/articles/c0rqxpg2ryvo..
2025-02-06 14:56:28,876 - ERROR - Error scraping https://indianexpress.com/article/technology/tech-news-technology/china-announces-measures-against-google-other-us-firms-as-trade-tensions-escalate-9816925/?ref=shrt_article_readfull: 'dict' object has no attribute 'key'
2025-02-06 14:56:28,877 - ERROR - Error scraping https://www.thehindu.com/sport/football/premier-league-arsenal-hammer-man-city-5-1-to-stay-in-title-hunt/article69173901.ece: 'dict' object has no attribute 'key'
2025-02-06 14:56:28,877 - ERROR - Error scraping https://www.bbc.com/news/articles/c0rqxpg2ryvo: 'dict' object has no attribute 'key'
2025-02-06 14:56:28,878 - ERROR - Task failed for url https://indianexpress.com/article/technology/tech-news-technology/china-announces-measures-against-google-other-us-firms-as-trade-tensions-escalate-9816925/?ref=shrt_article_readfull..
2025-02-06 14:56:28,878 - ERROR - Task failed for url https://www.thehindu.com/sport/football/premier-league-arsenal-hammer-man-city-5-1-to-stay-in-title-hunt/article69173901.ece..
2025-02-06 14:56:28,878 - ERROR - Task failed for url https://www.bbc.com/news/articles/c0rqxpg2ryvo..
2025-02-06 14:56:49,228 - INFO - Successfu    lly saved article: thehindu_Premier League Arsenal hammer Man City 5-1 to stay.md
2025-02-06 14:56:49,229 - INFO - Successfully scraped article from: https://www.thehindu.com/sport/football/premier-league-arsenal-hammer-man-city-5-1-to-stay-in-title-hunt/article69173901.ece
2025-02-06 14:56:49,334 - INFO - Successfu    lly saved article: bbc_Prevent closed Southport killer case prematurely.md
2025-02-06 14:56:49,334 - INFO - Successfully scraped article from: https://www.bbc.com/news/articles/c0rqxpg2ryvo
2025-02-06 14:56:49,408 - INFO - Successfu    lly saved article: indianexpress_China announces measures against Google other US f.md
2025-02-06 14:56:49,408 - INFO - Successfully scraped article from: https://indianexpress.com/article/technology/tech-news-technology/china-announces-measures-against-google-other-us-firms-as-trade-tensions-escalate-9816925/?ref=shrt_article_readfull
2025-02-06 14:57:08,160 - INFO - Successfu    lly saved article: indianexpress_China announces measures against Google other US f.md
2025-02-06 14:57:08,161 - INFO - Successfully scraped article from: https://indianexpress.com/article/technology/tech-news-technology/china-announces-measures-against-google-other-us-firms-as-trade-tensions-escalate-9816925/?ref=shrt_article_readfull
2025-02-06 14:57:08,186 - ERROR - Error scraping https://www.bbc.com/news/articles/c0rqxpg2ryvo: ResultSet object has no attribute "select". You're probably treating a list of elements like a single element. Did you call find_all() when you meant to call find()?
2025-02-06 14:57:23,412 - ERROR - Error scraping https://www.thehindu.com/sport/football/premier-league-arsenal-hammer-man-city-5-1-to-stay-in-title-hunt/article69173901.ece: 
2025-02-06 14:57:23,413 - ERROR - Task failed for url https://www.thehindu.com/sport/football/premier-league-arsenal-hammer-man-city-5-1-to-stay-in-title-hunt/article69173901.ece..
2025-02-06 14:57:23,413 - ERROR - Task failed for url https://www.bbc.com/news/articles/c0rqxpg2ryvo..
2025-02-06 14:59:38,037 - INFO - Successfu    lly saved article: thehindu_Premier League Arsenal hammer Man City 5-1 to stay.md
2025-02-06 14:59:38,038 - INFO - Successfully scraped article from: https://www.thehindu.com/sport/football/premier-league-arsenal-hammer-man-city-5-1-to-stay-in-title-hunt/article69173901.ece
2025-02-06 14:59:38,065 - ERROR - Error scraping https://www.bbc.com/news/articles/c0rqxpg2ryvo: ResultSet object has no attribute "select". You're probably treating a list of elements like a single element. Did you call find_all() when you meant to call find()?
2025-02-06 14:59:38,125 - INFO - Successfu    lly saved article: indianexpress_China announces measures against Google other US f.md
2025-02-06 14:59:38,125 - INFO - Successfully scraped article from: https://indianexpress.com/article/technology/tech-news-technology/china-announces-measures-against-google-other-us-firms-as-trade-tensions-escalate-9816925/?ref=shrt_article_readfull
2025-02-06 14:59:38,127 - ERROR - Task failed for url https://www.bbc.com/news/articles/c0rqxpg2ryvo..
2025-02-06 15:01:19,352 - INFO - Successfu    lly saved article: thehindu_Premier League Arsenal hammer Man City 5-1 to stay.md
2025-02-06 15:01:19,353 - INFO - Successfully scraped article from: https://www.thehindu.com/sport/football/premier-league-arsenal-hammer-man-city-5-1-to-stay-in-title-hunt/article69173901.ece
2025-02-06 15:01:19,476 - INFO - writing done
2025-02-06 15:01:19,565 - INFO - Successfu    lly saved article: indianexpress_China announces measures against Google other US f.md
2025-02-06 15:01:19,566 - INFO - Successfully scraped article from: https://indianexpress.com/article/technology/tech-news-technology/china-announces-measures-against-google-other-us-firms-as-trade-tensions-escalate-9816925/?ref=shrt_article_readfull
2025-02-06 15:01:19,567 - ERROR - Task failed for url https://www.bbc.com/news/articles/c0rqxpg2ryvo..
2025-02-06 15:03:25,850 - INFO - Successfully saved article: thehindu_Premier League Arsenal hammer Man City 5-1 to stay.md
2025-02-06 15:03:25,851 - INFO - Successfully scraped article from: https://www.thehindu.com/sport/football/premier-league-arsenal-hammer-man-city-5-1-to-stay-in-title-hunt/article69173901.ece
2025-02-06 15:03:25,920 - INFO - Successfully saved article: indianexpress_China announces measures against Google other US f.md
2025-02-06 15:03:25,921 - INFO - Successfully scraped article from: https://indianexpress.com/article/technology/tech-news-technology/china-announces-measures-against-google-other-us-firms-as-trade-tensions-escalate-9816925/?ref=shrt_article_readfull
2025-02-06 15:03:26,011 - INFO - Successfully scraped article from: https://www.bbc.com/news/articles/c0rqxpg2ryvo
2025-02-06 15:03:26,014 - ERROR - Task failed for url https://www.bbc.com/news/articles/c0rqxpg2ryvo..
2025-02-06 15:05:43,846 - INFO - Successfully saved article: thehindu_Premier League Arsenal hammer Man City 5-1 to stay.md
2025-02-06 15:05:43,847 - INFO - Successfully scraped article from: https://www.thehindu.com/sport/football/premier-league-arsenal-hammer-man-city-5-1-to-stay-in-title-hunt/article69173901.ece
2025-02-06 15:05:43,958 - INFO - Successfully saved article: indianexpress_China announces measures against Google other US f.md
2025-02-06 15:05:43,958 - INFO - Successfully scraped article from: https://indianexpress.com/article/technology/tech-news-technology/china-announces-measures-against-google-other-us-firms-as-trade-tensions-escalate-9816925/?ref=shrt_article_readfull
2025-02-06 15:05:43,993 - INFO - Successfully scraped article from: https://www.bbc.com/news/articles/c0rqxpg2ryvo
2025-02-06 15:05:43,996 - ERROR - Task failed for url https://www.bbc.com/news/articles/c0rqxpg2ryvo..
2025-02-06 15:09:09,027 - INFO - Successfully saved article: thehindu_Premier League Arsenal hammer Man City 5-1 to stay.md
2025-02-06 15:09:09,028 - INFO - Successfully scraped article from: https://www.thehindu.com/sport/football/premier-league-arsenal-hammer-man-city-5-1-to-stay-in-title-hunt/article69173901.ece
2025-02-06 15:09:09,134 - INFO - Successfully scraped article from: https://www.bbc.com/news/articles/c0rqxpg2ryvo
2025-02-06 15:09:09,206 - INFO - Successfully saved article: indianexpress_China announces measures against Google other US f.md
2025-02-06 15:09:09,206 - INFO - Successfully scraped article from: https://indianexpress.com/article/technology/tech-news-technology/china-announces-measures-against-google-other-us-firms-as-trade-tensions-escalate-9816925/?ref=shrt_article_readfull
2025-02-06 15:09:09,207 - ERROR - Task failed for url https://www.bbc.com/news/articles/c0rqxpg2ryvo..
2025-02-07 11:36:06,801 - INFO - Successfully saved article: indianexpress_Delhi Election Results 2025 Live Updates Kejriwal .md
2025-02-07 11:36:06,803 - INFO - Successfully scraped article from: https://indianexpress.com/article/cities/delhi/delhi-election-results-2025-live-updates-election-commission-of-india-vidhan-sabha-chunav-results-9822255/?ref=l2_home,https://indianexpress.com/article/world/panama-canal-trump-marco-rubio-president-9821861/
2025-02-07 11:37:46,470 - INFO - Successfully saved article: indianexpress_Delhi Election Results 2025 Live Updates Kejriwal .md
2025-02-07 11:37:46,471 - INFO - Successfully scraped article from: https://indianexpress.com/article/cities/delhi/delhi-election-results-2025-live-updates-election-commission-of-india-vidhan-sabha-chunav-results-9822255/?ref=l2_home,https://indianexpress.com/article/world/panama-canal-trump-marco-rubio-president-9821861/
2025-02-07 11:39:03,235 - INFO - Successfully saved article: indianexpress_Delhi Election Results 2025 Live Updates Kejriwal .md
2025-02-07 11:39:03,236 - INFO - Successfully scraped article from: https://indianexpress.com/article/cities/delhi/delhi-election-results-2025-live-updates-election-commission-of-india-vidhan-sabha-chunav-results-9822255/?ref=l2
2025-02-07 11:39:21,788 - INFO - Successfully saved article: indianexpress_Delhi Election Results 2025 Live Updates Kejriwal .md
2025-02-07 11:39:21,789 - INFO - Successfully scraped article from: https://indianexpress.com/article/cities/delhi/delhi-election-results-2025-live-updates-election-commission-of-india-vidhan-sabha-chunav-results-9822255/?ref=l2_home,https://indianexpress.com/article/world/panama-canal-trump-marco-rubio-president-9821861/
2025-02-07 11:40:02,857 - INFO - Successfully saved article: indianexpress_Delhi Election Results 2025 Live Updates Kejriwal .md
2025-02-07 11:40:02,857 - INFO - Successfully scraped article from: https://indianexpress.com/article/cities/delhi/delhi-election-results-2025-live-updates-election-commission-of-india-vidhan-sabha-chunav-results-9822255/?ref=l2
2025-02-07 11:40:30,690 - INFO - Successfully saved article: indianexpress_Panama president to US stop lies and falsehoods ab.md
2025-02-07 11:40:30,690 - INFO - Successfully scraped article from: https://indianexpress.com/article/world/panama-canal-trump-marco-rubio-president-9821861/
2025-02-07 11:42:05,534 - INFO - Successfully saved article: thehindu_Rupee falls 3 paise to 8665 against US dollar in e.md
2025-02-07 11:42:05,535 - INFO - Successfully scraped article from: https://www.thehindu.com/incoming/rupee-falls-3-paise-to-8665-against-us-dollar-in-early-trade/article69162553.ece
2025-02-07 11:42:05,688 - INFO - Successfully saved article: indianexpress_Panama president to US stop lies and falsehoods ab.md
2025-02-07 11:42:05,688 - INFO - Successfully scraped article from: https://indianexpress.com/article/world/panama-canal-trump-marco-rubio-president-9821861/
2025-02-07 11:42:05,822 - INFO - Successfully saved article: indianexpress_Fire breaks out at Mahakumbh second blaze since st.md
2025-02-07 11:42:05,824 - INFO - Successfully scraped article from: https://indianexpress.com/article/india/fire-mahakumbh-up-sector18-prayagraj-9822483/?ref=hometop_hp
2025-02-07 11:42:05,978 - INFO - Successfully scraped article from: https://www.bbc.com/news/articles/c0rqxpg2ryvo
2025-02-07 11:42:05,982 - ERROR - Task failed for url https://www.bbc.com/news/articles/c0rqxpg2ryvo..
2025-02-07 11:43:22,852 - INFO - Successfully saved article: thehindu_Rupee falls 3 paise to 8665 against US dollar in e.md
2025-02-07 11:43:22,853 - INFO - Successfully scraped article from: https://www.thehindu.com/incoming/rupee-falls-3-paise-to-8665-against-us-dollar-in-early-trade/article69162553.ece
2025-02-07 11:43:22,963 - INFO - Successfully scraped article from: https://www.bbc.com/news/articles/c0rqxpg2ryvo
2025-02-07 11:43:23,016 - INFO - Successfully saved article: indianexpress_Panama president to US stop lies and falsehoods ab.md
2025-02-07 11:43:23,017 - INFO - Successfully scraped article from: https://indianexpress.com/article/world/panama-canal-trump-marco-rubio-president-9821861/
2025-02-07 11:43:23,078 - INFO - Successfully saved article: indianexpress_Delhi Election Results 2025 Live Updates Kejriwal .md
2025-02-07 11:43:23,079 - INFO - Successfully scraped article from: https://indianexpress.com/article/cities/delhi/delhi-election-results-2025-live-updates-election-commission-of-india-vidhan-sabha-chunav-results-9822255/?ref=l2
2025-02-07 11:43:24,000 - INFO - Successfully saved article: indianexpress_Fire breaks out at Mahakumbh second blaze since st.md
2025-02-07 11:43:24,000 - INFO - Successfully scraped article from: https://indianexpress.com/article/india/fire-mahakumbh-up-sector18-prayagraj-9822483/?ref=hometop_hp
2025-02-07 11:43:24,002 - ERROR - Task failed for url https://www.bbc.com/news/articles/c0rqxpg2ryvo..
2025-02-07 11:45:30,815 - INFO - Successfully scraped article from: https://www.bbc.com/news/articles/c0rqxpg2ryvo
2025-02-07 11:45:30,817 - ERROR - Task failed for url https://www.bbc.com/news/articles/c0rqxpg2ryvo..
2025-02-07 11:45:55,657 - INFO - Successfully scraped article from: https://www.bbc.com/news/articles/c0rqxpg2ryvo
2025-02-07 11:45:55,660 - ERROR - Task failed for url https://www.bbc.com/news/articles/c0rqxpg2ryvo..
2025-02-07 11:46:26,792 - INFO - Successfully saved article: indianexpress_Fire breaks out at Mahakumbh second blaze since st.md
2025-02-07 11:46:26,793 - INFO - Successfully scraped article from: https://indianexpress.com/article/india/fire-mahakumbh-up-sector18-prayagraj-9822483/?ref=hometop_hp
2025-02-07 11:46:26,844 - INFO - Successfully saved article: indianexpress_Panama president to US stop lies and falsehoods ab.md
2025-02-07 11:46:26,845 - INFO - Successfully scraped article from: https://indianexpress.com/article/world/panama-canal-trump-marco-rubio-president-9821861/
2025-02-07 11:46:27,076 - INFO - Successfully scraped article from: https://www.bbc.com/news/articles/c0rqxpg2ryvo
2025-02-07 11:46:27,838 - INFO - Successfully saved article: indianexpress_Fire breaks out at Mahakumbh second blaze since st.md
2025-02-07 11:46:27,839 - INFO - Successfully scraped article from: https://indianexpress.com/article/india/fire-mahakumbh-up-sector18-prayagraj-9822483/?ref=hometop_hp
2025-02-07 11:46:27,840 - ERROR - Task failed for url https://www.bbc.com/news/articles/c0rqxpg2ryvo..
2025-02-07 11:53:06,282 - ERROR - Error scraping https://indianexpress.com/article/world/panama-canal-trump-marco-rubio-president-9821861/: too many values to unpack (expected 2)
2025-02-07 11:53:06,283 - ERROR - Error scraping https://www.bbc.com/news/articles/c0rqxpg2ryvo: too many values to unpack (expected 2)
2025-02-07 11:53:06,283 - ERROR - Error scraping https://www.thehindu.com/incoming/rupee-falls-3-paise-to-8665-against-us-dollar-in-early-trade/article69162553.ece: too many values to unpack (expected 2)
2025-02-07 11:53:06,284 - ERROR - Task failed for url https://indianexpress.com/article/world/panama-canal-trump-marco-rubio-president-9821861/..
2025-02-07 11:53:06,285 - ERROR - Task failed for url https://www.bbc.com/news/articles/c0rqxpg2ryvo..
2025-02-07 11:53:06,285 - ERROR - Task failed for url https://www.thehindu.com/incoming/rupee-falls-3-paise-to-8665-against-us-dollar-in-early-trade/article69162553.ece..
2025-02-07 12:08:26,604 - ERROR - Error scraping https://www.thehindu.com/incoming/rupee-falls-3-paise-to-8665-against-us-dollar-in-early-trade/article69162553.ece: too many values to unpack (expected 2)
2025-02-07 12:08:26,605 - ERROR - Error scraping https://www.bbc.com/news/articles/c0rqxpg2ryvo: too many values to unpack (expected 2)
2025-02-07 12:08:26,605 - ERROR - Error scraping https://indianexpress.com/article/world/panama-canal-trump-marco-rubio-president-9821861/: too many values to unpack (expected 2)
2025-02-07 12:08:26,606 - ERROR - Task failed for url https://www.thehindu.com/incoming/rupee-falls-3-paise-to-8665-against-us-dollar-in-early-trade/article69162553.ece..
2025-02-07 12:08:26,607 - ERROR - Task failed for url https://www.bbc.com/news/articles/c0rqxpg2ryvo..
2025-02-07 12:08:26,607 - ERROR - Task failed for url https://indianexpress.com/article/world/panama-canal-trump-marco-rubio-president-9821861/..
2025-02-07 12:09:51,431 - ERROR - Error scraping https://www.thehindu.com/incoming/rupee-falls-3-paise-to-8665-against-us-dollar-in-early-trade/article69162553.ece: name 'image_selector' is not defined
2025-02-07 12:09:51,527 - ERROR - Error scraping https://www.bbc.com/news/articles/c0rqxpg2ryvo: name 'image_selector' is not defined
2025-02-07 12:09:51,568 - ERROR - Error scraping https://indianexpress.com/article/world/panama-canal-trump-marco-rubio-president-9821861/: name 'image_selector' is not defined
2025-02-07 12:09:51,569 - ERROR - Task failed for url https://indianexpress.com/article/world/panama-canal-trump-marco-rubio-president-9821861/..
2025-02-07 12:09:51,570 - ERROR - Task failed for url https://www.bbc.com/news/articles/c0rqxpg2ryvo..
2025-02-07 12:09:51,570 - ERROR - Task failed for url https://www.thehindu.com/incoming/rupee-falls-3-paise-to-8665-against-us-dollar-in-early-trade/article69162553.ece..
2025-02-07 12:11:02,274 - ERROR - Error scraping https://www.thehindu.com/incoming/rupee-falls-3-paise-to-8665-against-us-dollar-in-early-trade/article69162553.ece: cannot access local variable 'md_content' where it is not associated with a value
2025-02-07 12:11:02,317 - ERROR - Error scraping https://indianexpress.com/article/world/panama-canal-trump-marco-rubio-president-9821861/: cannot access local variable 'md_content' where it is not associated with a value
2025-02-07 12:11:02,426 - ERROR - Error scraping https://www.bbc.com/news/articles/c0rqxpg2ryvo: ResultSet object has no attribute "select". You're probably treating a list of elements like a single element. Did you call find_all() when you meant to call find()?
2025-02-07 12:11:02,428 - ERROR - Task failed for url https://www.thehindu.com/incoming/rupee-falls-3-paise-to-8665-against-us-dollar-in-early-trade/article69162553.ece..
2025-02-07 12:11:02,428 - ERROR - Task failed for url https://www.bbc.com/news/articles/c0rqxpg2ryvo..
2025-02-07 12:11:02,429 - ERROR - Task failed for url https://indianexpress.com/article/world/panama-canal-trump-marco-rubio-president-9821861/..
2025-02-07 12:12:39,347 - INFO - Successfully saved article: indianexpress_Panama president to US stop lies and falsehoods ab.md
2025-02-07 12:12:39,347 - INFO - Successfully scraped article from: https://indianexpress.com/article/world/panama-canal-trump-marco-rubio-president-9821861/
2025-02-07 12:12:39,391 - INFO - Successfully saved article: thehindu_Rupee falls 3 paise to 8665 against US dollar in e.md
2025-02-07 12:12:39,392 - INFO - Successfully scraped article from: https://www.thehindu.com/incoming/rupee-falls-3-paise-to-8665-against-us-dollar-in-early-trade/article69162553.ece
2025-02-07 12:12:39,499 - ERROR - Error scraping https://www.bbc.com/news/articles/c0rqxpg2ryvo: ResultSet object has no attribute "select". You're probably treating a list of elements like a single element. Did you call find_all() when you meant to call find()?
2025-02-07 12:12:39,500 - ERROR - Task failed for url https://www.bbc.com/news/articles/c0rqxpg2ryvo..
2025-02-07 12:13:49,537 - ERROR - Error scraping https://www.bbc.com/news/articles/c0rqxpg2ryvo: ResultSet object has no attribute "select". You're probably treating a list of elements like a single element. Did you call find_all() when you meant to call find()?
2025-02-07 12:13:49,538 - ERROR - Task failed for url https://www.bbc.com/news/articles/c0rqxpg2ryvo..
2025-02-07 12:17:26,460 - ERROR - Error scraping https://www.bbc.com/news/articles/c0rqxpg2ryvo: not enough values to unpack (expected 3, got 2)
2025-02-07 12:17:26,461 - ERROR - Task failed for url https://www.bbc.com/news/articles/c0rqxpg2ryvo..
2025-02-07 12:21:20,962 - ERROR - Error scraping https://www.bbc.com/news/articles/c0rqxpg2ryvo: ResultSet object has no attribute "select". You're probably treating a list of elements like a single element. Did you call find_all() when you meant to call find()?
2025-02-07 12:21:20,963 - ERROR - Task failed for url https://www.bbc.com/news/articles/c0rqxpg2ryvo..
2025-02-07 12:23:42,567 - INFO - Successfully saved article: bbc_Prevent closed Southport killer case prematurely.md
2025-02-07 12:23:42,568 - INFO - Successfully scraped article from: https://www.bbc.com/news/articles/c0rqxpg2ryvo
2025-02-07 12:24:59,786 - ERROR - Error scraping https://www.bbc.com/news/articles/c0rqxpg2ryvo: not enough values to unpack (expected 3, got 2)
2025-02-07 12:24:59,786 - ERROR - Task failed for url https://www.bbc.com/news/articles/c0rqxpg2ryvo..
2025-02-07 12:25:54,949 - INFO - Successfully saved article: bbc_Prevent closed Southport killer case prematurely.md
2025-02-07 12:25:54,949 - INFO - Successfully scraped article from: https://www.bbc.com/news/articles/c0rqxpg2ryvo
2025-02-07 12:27:29,244 - INFO - Successfully saved article: thehindu_Rupee falls 3 paise to 8665 against US dollar in e.md
2025-02-07 12:27:29,245 - INFO - Successfully scraped article from: https://www.thehindu.com/incoming/rupee-falls-3-paise-to-8665-against-us-dollar-in-early-trade/article69162553.ece
2025-02-07 12:27:29,388 - ERROR - Error scraping https://www.bbc.com/news/articles/c0rqxpg2ryvo: cannot access local variable 'md_content' where it is not associated with a value
2025-02-07 12:27:29,389 - ERROR - Task failed for url https://www.bbc.com/news/articles/c0rqxpg2ryvo..
2025-02-07 12:28:02,541 - ERROR - Error scraping https://www.bbc.com/news/articles/c0rqxpg2ryvo: cannot access local variable 'md_content' where it is not associated with a value
2025-02-07 12:28:02,542 - ERROR - Task failed for url https://www.bbc.com/news/articles/c0rqxpg2ryvo..
2025-02-07 12:32:09,310 - INFO - Successfully saved article: bbc_Prevent closed Southport killer case prematurely.md
2025-02-07 12:32:09,311 - INFO - Successfully scraped article from: https://www.bbc.com/news/articles/c0rqxpg2ryvo
2025-02-07 12:34:51,435 - INFO - Successfully saved article: bbc_Prevent closed Southport killer case prematurely.md
2025-02-07 12:34:51,435 - INFO - Successfully scraped article from: https://www.bbc.com/news/articles/c0rqxpg2ryvo
2025-02-07 12:35:50,705 - INFO - Successfully saved article: indianexpress_Panama president to US stop lies and falsehoods ab.md
2025-02-07 12:35:50,706 - INFO - Successfully scraped article from: https://indianexpress.com/article/world/panama-canal-trump-marco-rubio-president-9821861/
2025-02-07 12:35:50,797 - INFO - Successfully saved article: bbc_Prevent closed Southport killer case prematurely.md
2025-02-07 12:35:50,798 - INFO - Successfully scraped article from: https://www.bbc.com/news/articles/c0rqxpg2ryvo
2025-02-07 12:37:10,972 - INFO - Successfully saved article: indianexpress_Panama president to US stop lies and falsehoods ab.md
2025-02-07 12:37:10,973 - INFO - Successfully scraped article from: https://indianexpress.com/article/world/panama-canal-trump-marco-rubio-president-9821861/
2025-02-07 12:37:11,011 - INFO - Successfully saved article: bbc_Prevent closed Southport killer case prematurely.md
2025-02-07 12:37:11,011 - INFO - Successfully scraped article from: https://www.bbc.com/news/articles/c0rqxpg2ryvo
2025-02-07 12:39:26,597 - INFO - Successfully saved article: bbc_Prevent closed Southport killer case prematurely.md
2025-02-07 12:39:26,597 - INFO - Successfully scraped article from: https://www.bbc.com/news/articles/c0rqxpg2ryvo
2025-02-07 12:40:17,465 - ERROR - Save failed: [Errno 2] No such file or directory: 'C:\\Users\\NikhilJain\\py-wiz\\src\\Projects\\Media scraping\\extracted_content\\thehindu_Rupee falls 3 paise to 8665 against US dollar in e.md'
2025-02-07 12:40:17,517 - ERROR - Save failed: [Errno 2] No such file or directory: 'C:\\Users\\NikhilJain\\py-wiz\\src\\Projects\\Media scraping\\extracted_content\\bbc_Prevent closed Southport killer case prematurely.md'
2025-02-07 12:40:17,577 - ERROR - Save failed: [Errno 2] No such file or directory: 'C:\\Users\\NikhilJain\\py-wiz\\src\\Projects\\Media scraping\\extracted_content\\indianexpress_Panama president to US stop lies and falsehoods ab.md'
2025-02-07 12:40:17,578 - ERROR - Task failed for url https://indianexpress.com/article/world/panama-canal-trump-marco-rubio-president-9821861/..
2025-02-07 12:40:17,579 - ERROR - Task failed for url https://www.thehindu.com/incoming/rupee-falls-3-paise-to-8665-against-us-dollar-in-early-trade/article69162553.ece..
2025-02-07 12:40:17,579 - ERROR - Task failed for url https://www.bbc.com/news/articles/c0rqxpg2ryvo..
2025-02-07 12:40:43,693 - INFO - Successfully saved article: thehindu_Rupee falls 3 paise to 8665 against US dollar in e.md
2025-02-07 12:40:43,694 - INFO - Successfully scraped article from: https://www.thehindu.com/incoming/rupee-falls-3-paise-to-8665-against-us-dollar-in-early-trade/article69162553.ece
2025-02-07 12:40:43,813 - INFO - Successfully saved article: indianexpress_Panama president to US stop lies and falsehoods ab.md
2025-02-07 12:40:43,814 - INFO - Successfully scraped article from: https://indianexpress.com/article/world/panama-canal-trump-marco-rubio-president-9821861/
2025-02-07 12:40:43,846 - INFO - Successfully saved article: bbc_Prevent closed Southport killer case prematurely.md
2025-02-07 12:40:43,846 - INFO - Successfully scraped article from: https://www.bbc.com/news/articles/c0rqxpg2ryvo
2025-02-07 12:44:06,291 - INFO - Successfully saved article: thehindu_Rupee falls 3 paise to 8665 against US dollar in e.md
2025-02-07 12:44:06,291 - INFO - Successfully scraped article from: https://www.thehindu.com/incoming/rupee-falls-3-paise-to-8665-against-us-dollar-in-early-trade/article69162553.ece
2025-02-07 12:45:24,920 - ERROR - Error scraping https://www.thehindu.com/incoming/rupee-falls-3-paise-to-8665-against-us-dollar-in-early-trade/article69162553.ece: Invalid character "'" position 43
  line 1:
div.article-picture.top-pic Picture img.src']
                                           ^
2025-02-07 12:45:24,921 - ERROR - Task failed for url https://www.thehindu.com/incoming/rupee-falls-3-paise-to-8665-against-us-dollar-in-early-trade/article69162553.ece..
2025-02-07 12:46:30,532 - INFO - Successfully saved article: indianexpress_Panama president to US stop lies and falsehoods ab.md
2025-02-07 12:46:30,532 - INFO - Successfully scraped article from: https://indianexpress.com/article/world/panama-canal-trump-marco-rubio-president-9821861/
2025-02-07 12:46:30,585 - INFO - Successfully saved article: thehindu_Rupee falls 3 paise to 8665 against US dollar in e.md
2025-02-07 12:46:30,586 - INFO - Successfully scraped article from: https://www.thehindu.com/incoming/rupee-falls-3-paise-to-8665-against-us-dollar-in-early-trade/article69162553.ece
2025-02-07 12:47:42,281 - INFO - Successfully saved article: thehindu_Rupee falls 3 paise to 8665 against US dollar in e.md
2025-02-07 12:47:42,282 - INFO - Successfully scraped article from: https://www.thehindu.com/incoming/rupee-falls-3-paise-to-8665-against-us-dollar-in-early-trade/article69162553.ece
2025-02-07 12:50:08,938 - INFO - Successfully saved article: thehindu_Rupee falls 3 paise to 8665 against US dollar in e.md
2025-02-07 12:50:08,939 - INFO - Successfully scraped article from: https://www.thehindu.com/incoming/rupee-falls-3-paise-to-8665-against-us-dollar-in-early-trade/article69162553.ece
2025-02-07 12:51:09,006 - INFO - Successfully saved article: thehindu_Rupee falls 3 paise to 8665 against US dollar in e.md
2025-02-07 12:51:09,007 - INFO - Successfully scraped article from: https://www.thehindu.com/incoming/rupee-falls-3-paise-to-8665-against-us-dollar-in-early-trade/article69162553.ece
2025-02-07 12:52:18,235 - INFO - Successfully saved article: thehindu_Rupee falls 3 paise to 8665 against US dollar in e.md
2025-02-07 12:52:18,236 - INFO - Successfully scraped article from: https://www.thehindu.com/incoming/rupee-falls-3-paise-to-8665-against-us-dollar-in-early-trade/article69162553.ece
2025-02-07 12:54:10,087 - INFO - Successfully saved article: thehindu_Rupee falls 3 paise to 8665 against US dollar in e.md
2025-02-07 12:54:10,088 - INFO - Successfully scraped article from: https://www.thehindu.com/incoming/rupee-falls-3-paise-to-8665-against-us-dollar-in-early-trade/article69162553.ece
2025-02-07 12:55:50,518 - ERROR - Error scraping https://www.thehindu.com/incoming/rupee-falls-3-paise-to-8665-against-us-dollar-in-early-trade/article69162553.ece: Malformed attribute selector at position 63
  line 1:
div.article-picture.top-pic div.picture verticle picture source["min-width"]
                                                               ^
2025-02-07 12:55:50,519 - ERROR - Task failed for url https://www.thehindu.com/incoming/rupee-falls-3-paise-to-8665-against-us-dollar-in-early-trade/article69162553.ece..
2025-02-07 12:56:45,144 - ERROR - Error scraping https://www.thehindu.com/incoming/rupee-falls-3-paise-to-8665-against-us-dollar-in-early-trade/article69162553.ece: Malformed attribute selector at position 63
  line 1:
div.article-picture.top-pic div.picture verticle picture source["min-width"]
                                                               ^
2025-02-07 12:56:45,145 - ERROR - Task failed for url https://www.thehindu.com/incoming/rupee-falls-3-paise-to-8665-against-us-dollar-in-early-trade/article69162553.ece..
2025-02-07 12:57:41,998 - INFO - Successfully saved article: indianexpress_Panama president to US stop lies and falsehoods ab.md
2025-02-07 12:57:41,999 - INFO - Successfully scraped article from: https://indianexpress.com/article/world/panama-canal-trump-marco-rubio-president-9821861/
2025-02-07 12:57:56,457 - ERROR - Error scraping https://www.thehindu.com/incoming/rupee-falls-3-paise-to-8665-against-us-dollar-in-early-trade/article69162553.ece: Malformed attribute selector at position 63
  line 1:
div.article-picture.top-pic div.picture verticle picture source["min-width"]
                                                               ^
2025-02-07 12:57:57,353 - INFO - Successfully saved article: indianexpress_Panama president to US stop lies and falsehoods ab.md
2025-02-07 12:57:57,354 - INFO - Successfully scraped article from: https://indianexpress.com/article/world/panama-canal-trump-marco-rubio-president-9821861/
2025-02-07 12:57:57,355 - ERROR - Task failed for url https://www.thehindu.com/incoming/rupee-falls-3-paise-to-8665-against-us-dollar-in-early-trade/article69162553.ece..
2025-02-07 13:00:19,020 - INFO - Successfully saved article: thehindu_Rupee falls 3 paise to 8665 against US dollar in e.md
2025-02-07 13:00:19,020 - INFO - Successfully scraped article from: https://www.thehindu.com/incoming/rupee-falls-3-paise-to-8665-against-us-dollar-in-early-trade/article69162553.ece
2025-02-07 13:01:03,032 - INFO - Successfully saved article: thehindu_Rupee falls 3 paise to 8665 against US dollar in e.md
2025-02-07 13:01:03,033 - INFO - Successfully scraped article from: https://www.thehindu.com/incoming/rupee-falls-3-paise-to-8665-against-us-dollar-in-early-trade/article69162553.ece
2025-02-07 13:01:36,333 - INFO - Successfully saved article: thehindu_Rupee falls 3 paise to 8665 against US dollar in e.md
2025-02-07 13:01:36,334 - INFO - Successfully scraped article from: https://www.thehindu.com/incoming/rupee-falls-3-paise-to-8665-against-us-dollar-in-early-trade/article69162553.ece
2025-02-07 13:02:04,970 - INFO - Successfully saved article: thehindu_Rupee falls 3 paise to 8665 against US dollar in e.md
2025-02-07 13:02:04,971 - INFO - Successfully scraped article from: https://www.thehindu.com/incoming/rupee-falls-3-paise-to-8665-against-us-dollar-in-early-trade/article69162553.ece
2025-02-07 13:03:04,665 - INFO - Successfully saved article: thehindu_Rupee falls 3 paise to 8665 against US dollar in e.md
2025-02-07 13:03:04,666 - INFO - Successfully scraped article from: https://www.thehindu.com/incoming/rupee-falls-3-paise-to-8665-against-us-dollar-in-early-trade/article69162553.ece
2025-02-07 13:03:53,071 - INFO - Successfully saved article: thehindu_Rupee falls 3 paise to 8665 against US dollar in e.md
2025-02-07 13:03:53,072 - INFO - Successfully scraped article from: https://www.thehindu.com/incoming/rupee-falls-3-paise-to-8665-against-us-dollar-in-early-trade/article69162553.ece
2025-02-07 13:03:53,207 - INFO - Successfully saved article: bbc_Prevent closed Southport killer case prematurely.md
2025-02-07 13:03:53,208 - INFO - Successfully scraped article from: https://www.bbc.com/news/articles/c0rqxpg2ryvo
2025-02-07 13:03:53,269 - INFO - Successfully saved article: indianexpress_Panama president to US stop lies and falsehoods ab.md
2025-02-07 13:03:53,270 - INFO - Successfully scraped article from: https://indianexpress.com/article/world/panama-canal-trump-marco-rubio-president-9821861/
2025-02-07 13:05:38,063 - INFO - Successfully saved article: thehindu_Rupee falls 3 paise to 8665 against US dollar in e.md
2025-02-07 13:05:38,064 - INFO - Successfully scraped article from: https://www.thehindu.com/incoming/rupee-falls-3-paise-to-8665-against-us-dollar-in-early-trade/article69162553.ece
2025-02-07 13:05:38,147 - INFO - Successfully saved article: bbc_Prevent closed Southport killer case prematurely.md
2025-02-07 13:05:38,148 - INFO - Successfully scraped article from: https://www.bbc.com/news/articles/c0rqxpg2ryvo
2025-02-07 13:05:38,196 - INFO - Successfully saved article: indianexpress_Panama president to US stop lies and falsehoods ab.md
2025-02-07 13:05:38,197 - INFO - Successfully scraped article from: https://indianexpress.com/article/world/panama-canal-trump-marco-rubio-president-9821861/
